<?xml version="1.0" encoding="UTF-8"?>
<!-- Generated by org.testng.reporters.JUnitReportReporter -->
<testsuite hostname="WKWIN1359657" failures="0" tests="1" name="TestFramework.basics5" time="3.910" errors="0" timestamp="13 Jul 2019 13:59:50 GMT">
  <testcase classname="TestFramework.basics5" name="extractingNamesAPI" time="3.910"/>
</testsuite>
