<?xml version="1.0" encoding="UTF-8"?>
<!-- Generated by org.testng.reporters.JUnitReportReporter -->
<testsuite hostname="WKWIN1359657" failures="0" tests="1" name="TestFramework.excelDriven" time="3.494" errors="0" timestamp="13 Jul 2019 14:02:34 GMT">
  <testcase classname="TestFramework.excelDriven" name="addBook" time="3.494"/>
</testsuite>
